notify/build/intermediates/manifest_merge_blame_file/release/manifest-merger-blame-release-report.txt
1<?xml version="1.0" encoding="utf-8"?>
2<manifest xmlns:android="http://schemas.android.com/apk/res/android"
3    package="com.livestreamiq.notify" >
4
5    <uses-sdk android:minSdkVersion="28" />
6
7    <uses-permission android:name="android.permission.INTERNET" />
7-->src\main\AndroidManifest.xml:4:5-67
7-->src\main\AndroidManifest.xml:4:22-64
8    <uses-permission android:name="android.permission.POST_NOTIFICATIONS" />
8-->src\main\AndroidManifest.xml:5:5-77
8-->src\main\AndroidManifest.xml:5:22-74
9    <uses-permission android:name="android.permission.WAKE_LOCK" />
9-->src\main\AndroidManifest.xml:6:5-68
9-->src\main\AndroidManifest.xml:6:22-65
10
11    <application>
11-->src\main\AndroidManifest.xml:8:5-17:19
12        <service
12-->src\main\AndroidManifest.xml:9:9-16:19
13            android:name="com.livestreamiq.notify.NotifyFirebaseMessagingService"
13-->src\main\AndroidManifest.xml:10:13-59
14            android:directBootAware="true"
14-->src\main\AndroidManifest.xml:12:13-43
15            android:exported="false" >
15-->src\main\AndroidManifest.xml:11:13-37
16            <intent-filter>
16-->src\main\AndroidManifest.xml:13:13-15:29
17                <action android:name="com.google.firebase.MESSAGING_EVENT" />
17-->src\main\AndroidManifest.xml:14:17-78
17-->src\main\AndroidManifest.xml:14:25-75
18            </intent-filter>
19        </service>
20    </application>
21
22</manifest>